生成启动时间为 2015/6/17 23:12:45。
     1>项目“E:\MaYe\THU\Study\Sophomore_2\Computer_Graphics\HW\RayTracing\RayTracing.vcxproj”在节点 2 上(Build 个目标)。
     1>ClCompile:
         D:\Program Files\Microsoft Visual Studio 11.0\VC\bin\CL.exe /c /ID:\OpenCV\opencv\build\include /ZI /nologo /W3 /WX- /Od /Oy- /D WIN32 /D _DEBUG /D _CONSOLE /D _UNICODE /D UNICODE /Gm /EHsc /RTC1 /MDd /GS /fp:precise /Zc:wchar_t /Zc:forScope /Fo"Debug\\" /Fd"Debug\vc110.pdb" /Gd /TP /analyze- /errorReport:prompt KDTree.cpp camera.cpp film.cpp objfile.cpp phong.cpp raytracer.cpp sampler.cpp scene.cpp sphere.cpp test.cpp test2.cpp test3.cpp triangle.cpp
         triangle.cpp
         test3.cpp
         test2.cpp
         test.cpp
         sphere.cpp
         scene.cpp
         sampler.cpp
         raytracer.cpp
         phong.cpp
         objfile.cpp
     1>e:\maye\thu\study\sophomore_2\computer_graphics\hw\raytracing\objfile.cpp(15): warning C4996: 'fopen': This function or variable may be unsafe. Consider using fopen_s instead. To disable deprecation, use _CRT_SECURE_NO_WARNINGS. See online help for details.
                 d:\program files\microsoft visual studio 11.0\vc\include\stdio.h(218) : 参见“fopen”的声明
     1>e:\maye\thu\study\sophomore_2\computer_graphics\hw\raytracing\objfile.cpp(27): warning C4996: 'fscanf': This function or variable may be unsafe. Consider using fscanf_s instead. To disable deprecation, use _CRT_SECURE_NO_WARNINGS. See online help for details.
                 d:\program files\microsoft visual studio 11.0\vc\include\stdio.h(237) : 参见“fscanf”的声明
     1>e:\maye\thu\study\sophomore_2\computer_graphics\hw\raytracing\objfile.cpp(42): warning C4996: 'fscanf': This function or variable may be unsafe. Consider using fscanf_s instead. To disable deprecation, use _CRT_SECURE_NO_WARNINGS. See online help for details.
                 d:\program files\microsoft visual studio 11.0\vc\include\stdio.h(237) : 参见“fscanf”的声明
     1>e:\maye\thu\study\sophomore_2\computer_graphics\hw\raytracing\objfile.cpp(56): warning C4996: 'fscanf': This function or variable may be unsafe. Consider using fscanf_s instead. To disable deprecation, use _CRT_SECURE_NO_WARNINGS. See online help for details.
                 d:\program files\microsoft visual studio 11.0\vc\include\stdio.h(237) : 参见“fscanf”的声明
     1>e:\maye\thu\study\sophomore_2\computer_graphics\hw\raytracing\objfile.cpp(78): warning C4996: 'fscanf': This function or variable may be unsafe. Consider using fscanf_s instead. To disable deprecation, use _CRT_SECURE_NO_WARNINGS. See online help for details.
                 d:\program files\microsoft visual studio 11.0\vc\include\stdio.h(237) : 参见“fscanf”的声明
     1>e:\maye\thu\study\sophomore_2\computer_graphics\hw\raytracing\objfile.cpp(101): warning C4996: 'fscanf': This function or variable may be unsafe. Consider using fscanf_s instead. To disable deprecation, use _CRT_SECURE_NO_WARNINGS. See online help for details.
                 d:\program files\microsoft visual studio 11.0\vc\include\stdio.h(237) : 参见“fscanf”的声明
     1>e:\maye\thu\study\sophomore_2\computer_graphics\hw\raytracing\objfile.cpp(113): warning C4996: 'sscanf': This function or variable may be unsafe. Consider using sscanf_s instead. To disable deprecation, use _CRT_SECURE_NO_WARNINGS. See online help for details.
                 d:\program files\microsoft visual studio 11.0\vc\include\stdio.h(311) : 参见“sscanf”的声明
     1>e:\maye\thu\study\sophomore_2\computer_graphics\hw\raytracing\objfile.cpp(126): warning C4996: 'sscanf': This function or variable may be unsafe. Consider using sscanf_s instead. To disable deprecation, use _CRT_SECURE_NO_WARNINGS. See online help for details.
                 d:\program files\microsoft visual studio 11.0\vc\include\stdio.h(311) : 参见“sscanf”的声明
     1>e:\maye\thu\study\sophomore_2\computer_graphics\hw\raytracing\objfile.cpp(130): warning C4996: 'fscanf': This function or variable may be unsafe. Consider using fscanf_s instead. To disable deprecation, use _CRT_SECURE_NO_WARNINGS. See online help for details.
                 d:\program files\microsoft visual studio 11.0\vc\include\stdio.h(237) : 参见“fscanf”的声明
     1>e:\maye\thu\study\sophomore_2\computer_graphics\hw\raytracing\objfile.cpp(143): warning C4996: 'fscanf': This function or variable may be unsafe. Consider using fscanf_s instead. To disable deprecation, use _CRT_SECURE_NO_WARNINGS. See online help for details.
                 d:\program files\microsoft visual studio 11.0\vc\include\stdio.h(237) : 参见“fscanf”的声明
     1>e:\maye\thu\study\sophomore_2\computer_graphics\hw\raytracing\objfile.cpp(163): warning C4996: 'sscanf': This function or variable may be unsafe. Consider using sscanf_s instead. To disable deprecation, use _CRT_SECURE_NO_WARNINGS. See online help for details.
                 d:\program files\microsoft visual studio 11.0\vc\include\stdio.h(311) : 参见“sscanf”的声明
     1>e:\maye\thu\study\sophomore_2\computer_graphics\hw\raytracing\objfile.cpp(167): warning C4996: 'fscanf': This function or variable may be unsafe. Consider using fscanf_s instead. To disable deprecation, use _CRT_SECURE_NO_WARNINGS. See online help for details.
                 d:\program files\microsoft visual studio 11.0\vc\include\stdio.h(237) : 参见“fscanf”的声明
     1>e:\maye\thu\study\sophomore_2\computer_graphics\hw\raytracing\objfile.cpp(181): warning C4996: 'fscanf': This function or variable may be unsafe. Consider using fscanf_s instead. To disable deprecation, use _CRT_SECURE_NO_WARNINGS. See online help for details.
                 d:\program files\microsoft visual studio 11.0\vc\include\stdio.h(237) : 参见“fscanf”的声明
     1>e:\maye\thu\study\sophomore_2\computer_graphics\hw\raytracing\objfile.cpp(207): warning C4996: 'sscanf': This function or variable may be unsafe. Consider using sscanf_s instead. To disable deprecation, use _CRT_SECURE_NO_WARNINGS. See online help for details.
                 d:\program files\microsoft visual studio 11.0\vc\include\stdio.h(311) : 参见“sscanf”的声明
     1>e:\maye\thu\study\sophomore_2\computer_graphics\hw\raytracing\objfile.cpp(215): warning C4996: 'fscanf': This function or variable may be unsafe. Consider using fscanf_s instead. To disable deprecation, use _CRT_SECURE_NO_WARNINGS. See online help for details.
                 d:\program files\microsoft visual studio 11.0\vc\include\stdio.h(237) : 参见“fscanf”的声明
     1>e:\maye\thu\study\sophomore_2\computer_graphics\hw\raytracing\objfile.cpp(237): warning C4996: 'fscanf': This function or variable may be unsafe. Consider using fscanf_s instead. To disable deprecation, use _CRT_SECURE_NO_WARNINGS. See online help for details.
                 d:\program files\microsoft visual studio 11.0\vc\include\stdio.h(237) : 参见“fscanf”的声明
     1>e:\maye\thu\study\sophomore_2\computer_graphics\hw\raytracing\objfile.cpp(256): warning C4996: 'fscanf': This function or variable may be unsafe. Consider using fscanf_s instead. To disable deprecation, use _CRT_SECURE_NO_WARNINGS. See online help for details.
                 d:\program files\microsoft visual studio 11.0\vc\include\stdio.h(237) : 参见“fscanf”的声明
     1>e:\maye\thu\study\sophomore_2\computer_graphics\hw\raytracing\objfile.cpp(243): warning C4101: “e”: 未引用的局部变量
     1>e:\maye\thu\study\sophomore_2\computer_graphics\hw\raytracing\objfile.cpp(279): warning C4996: 'fopen': This function or variable may be unsafe. Consider using fopen_s instead. To disable deprecation, use _CRT_SECURE_NO_WARNINGS. See online help for details.
                 d:\program files\microsoft visual studio 11.0\vc\include\stdio.h(218) : 参见“fopen”的声明
     1>e:\maye\thu\study\sophomore_2\computer_graphics\hw\raytracing\objfile.cpp(289): warning C4996: 'fscanf': This function or variable may be unsafe. Consider using fscanf_s instead. To disable deprecation, use _CRT_SECURE_NO_WARNINGS. See online help for details.
                 d:\program files\microsoft visual studio 11.0\vc\include\stdio.h(237) : 参见“fscanf”的声明
     1>e:\maye\thu\study\sophomore_2\computer_graphics\hw\raytracing\objfile.cpp(306): warning C4996: 'fscanf': This function or variable may be unsafe. Consider using fscanf_s instead. To disable deprecation, use _CRT_SECURE_NO_WARNINGS. See online help for details.
                 d:\program files\microsoft visual studio 11.0\vc\include\stdio.h(237) : 参见“fscanf”的声明
     1>e:\maye\thu\study\sophomore_2\computer_graphics\hw\raytracing\objfile.cpp(323): warning C4996: 'fscanf': This function or variable may be unsafe. Consider using fscanf_s instead. To disable deprecation, use _CRT_SECURE_NO_WARNINGS. See online help for details.
                 d:\program files\microsoft visual studio 11.0\vc\include\stdio.h(237) : 参见“fscanf”的声明
     1>e:\maye\thu\study\sophomore_2\computer_graphics\hw\raytracing\objfile.cpp(337): warning C4996: 'fscanf': This function or variable may be unsafe. Consider using fscanf_s instead. To disable deprecation, use _CRT_SECURE_NO_WARNINGS. See online help for details.
                 d:\program files\microsoft visual studio 11.0\vc\include\stdio.h(237) : 参见“fscanf”的声明
     1>e:\maye\thu\study\sophomore_2\computer_graphics\hw\raytracing\objfile.cpp(351): warning C4996: 'fscanf': This function or variable may be unsafe. Consider using fscanf_s instead. To disable deprecation, use _CRT_SECURE_NO_WARNINGS. See online help for details.
                 d:\program files\microsoft visual studio 11.0\vc\include\stdio.h(237) : 参见“fscanf”的声明
     1>e:\maye\thu\study\sophomore_2\computer_graphics\hw\raytracing\objfile.cpp(374): warning C4996: 'fscanf': This function or variable may be unsafe. Consider using fscanf_s instead. To disable deprecation, use _CRT_SECURE_NO_WARNINGS. See online help for details.
                 d:\program files\microsoft visual studio 11.0\vc\include\stdio.h(237) : 参见“fscanf”的声明
     1>e:\maye\thu\study\sophomore_2\computer_graphics\hw\raytracing\objfile.cpp(401): warning C4996: 'fscanf': This function or variable may be unsafe. Consider using fscanf_s instead. To disable deprecation, use _CRT_SECURE_NO_WARNINGS. See online help for details.
                 d:\program files\microsoft visual studio 11.0\vc\include\stdio.h(237) : 参见“fscanf”的声明
         film.cpp
     1>e:\maye\thu\study\sophomore_2\computer_graphics\hw\raytracing\film.cpp(15): warning C4244: “初始化”: 从“const double”转换到“int”，可能丢失数据
     1>e:\maye\thu\study\sophomore_2\computer_graphics\hw\raytracing\film.cpp(16): warning C4244: “初始化”: 从“const double”转换到“int”，可能丢失数据
     1>e:\maye\thu\study\sophomore_2\computer_graphics\hw\raytracing\film.cpp(22): warning C4244: “=”: 从“const double”转换到“int”，可能丢失数据
     1>e:\maye\thu\study\sophomore_2\computer_graphics\hw\raytracing\film.cpp(23): warning C4244: “=”: 从“const double”转换到“int”，可能丢失数据
     1>e:\maye\thu\study\sophomore_2\computer_graphics\hw\raytracing\film.cpp(24): warning C4244: “=”: 从“const double”转换到“int”，可能丢失数据
     1>e:\maye\thu\study\sophomore_2\computer_graphics\hw\raytracing\film.cpp(64): warning C4244: “=”: 从“double”转换到“uchar”，可能丢失数据
     1>e:\maye\thu\study\sophomore_2\computer_graphics\hw\raytracing\film.cpp(65): warning C4244: “=”: 从“double”转换到“uchar”，可能丢失数据
     1>e:\maye\thu\study\sophomore_2\computer_graphics\hw\raytracing\film.cpp(66): warning C4244: “=”: 从“double”转换到“uchar”，可能丢失数据
         camera.cpp
         KDTree.cpp
         正在生成代码...
       Link:
         D:\Program Files\Microsoft Visual Studio 11.0\VC\bin\link.exe /ERRORREPORT:PROMPT /OUT:"E:\MaYe\THU\Study\Sophomore_2\Computer_Graphics\HW\RayTracing\Debug\RayTracing.exe" /INCREMENTAL /NOLOGO /LIBPATH:D:\OpenCV\opencv\build\x86\vc11\lib opencv_contrib2411d.lib opencv_core2411d.lib opencv_features2d2411d.lib opencv_gpu2411d.lib opencv_highgui2411d.lib opencv_legacy2411d.lib opencv_imgproc2411d.lib opencv_photo2411d.lib kernel32.lib user32.lib gdi32.lib winspool.lib comdlg32.lib advapi32.lib shell32.lib ole32.lib oleaut32.lib uuid.lib odbc32.lib odbccp32.lib /MANIFEST /MANIFESTUAC:"level='asInvoker' uiAccess='false'" /manifest:embed /DEBUG /PDB:"E:\MaYe\THU\Study\Sophomore_2\Computer_Graphics\HW\RayTracing\Debug\RayTracing.pdb" /SUBSYSTEM:CONSOLE /TLBID:1 /DYNAMICBASE /NXCOMPAT /IMPLIB:"E:\MaYe\THU\Study\Sophomore_2\Computer_Graphics\HW\RayTracing\Debug\RayTracing.lib" /MACHINE:X86 Debug\camera.obj
         Debug\film.obj
         Debug\KDTree.obj
         Debug\objfile.obj
         Debug\phong.obj
         Debug\raytracer.obj
         Debug\sampler.obj
         Debug\scene.obj
         Debug\Vec3f.obj
         Debug\sphere.obj
         Debug\test.obj
         Debug\test2.obj
         Debug\test3.obj
         Debug\triangle.obj
         RayTracing.vcxproj -> E:\MaYe\THU\Study\Sophomore_2\Computer_Graphics\HW\RayTracing\Debug\RayTracing.exe
     1>已完成生成项目“E:\MaYe\THU\Study\Sophomore_2\Computer_Graphics\HW\RayTracing\RayTracing.vcxproj”(Build 个目标)的操作。

生成成功。

已用时间 00:00:17.41
